<?xml version="1.0" encoding="UTF-8"?>
<!-- Generated by org.testng.reporters.JUnitReportReporter -->
<testsuite hostname="harshs-MacBook-Pro.local" failures="0" tests="2" name="parallel.ParallelRun" time="39.648" errors="0" timestamp="15 Jan 2022 08:30:32 GMT" skipped="0">
  <testcase classname="parallel.ParallelRun" name="runScenario" time="20.934"/>
  <testcase classname="parallel.ParallelRun" name="runScenario" time="18.714"/>
</testsuite> <!-- parallel.ParallelRun -->
